{
  "0 debug pnpm:scope": {
    "selected": 1
  },
  "1 error pnpm": {
    "code": "ELIFECYCLE",
    "errno": "ENOENT",
    "syscall": "spawn",
    "file": "sh",
    "pkgid": "libs-documentations@0.0.0-replace",
    "stage": "start",
    "script": "docusaurus start",
    "pkgname": "libs-documentations",
    "err": {
      "name": "pnpm",
      "message": "libs-documentations@0.0.0-replace start: `docusaurus start`\nspawn ENOENT",
      "code": "ELIFECYCLE",
      "stack": "pnpm: libs-documentations@0.0.0-replace start: `docusaurus start`\nspawn ENOENT\n    at ChildProcess.<anonymous> (/Users/nartc/Library/pnpm/global/5/.pnpm/pnpm@7.2.1/node_modules/pnpm/dist/pnpm.cjs:93917:22)\n    at ChildProcess.emit (node:events:527:28)\n    at maybeClose (node:internal/child_process:1092:16)\n    at Process.ChildProcess._handle.onexit (node:internal/child_process:302:5)"
    }
  },
  "2 warn pnpm:global": " Local package.json exists, but node_modules missing, did you mean to install?"
}